<?xml version="1.0" encoding="UTF-8"?>
<testng-results skipped="0" failed="0" ignored="0" total="1" passed="1">
  <reporter-output>
  </reporter-output>
  <suite name="Suite1" duration-ms="24214" started-at="2019-12-22T10:41:21Z" finished-at="2019-12-22T10:41:45Z">
    <groups>
    </groups>
    <test name="test1" duration-ms="24214" started-at="2019-12-22T10:41:21Z" finished-at="2019-12-22T10:41:45Z">
      <class name="com.ProjectOne.ProjectOne.OneTest">
        <test-method status="PASS" signature="TestCase1()[pri:0, instance:com.ProjectOne.ProjectOne.OneTest@57829d67]" name="TestCase1" duration-ms="24141" started-at="2019-12-22T10:41:21Z" finished-at="2019-12-22T10:41:45Z">
          <reporter-output>
          </reporter-output>
        </test-method> <!-- TestCase1 -->
      </class> <!-- com.ProjectOne.ProjectOne.OneTest -->
    </test> <!-- test1 -->
  </suite> <!-- Suite1 -->
</testng-results>
