<?xml version="1.0" encoding="UTF-8"?>
<testng-results skipped="0" failed="0" ignored="0" total="1" passed="1">
  <reporter-output>
  </reporter-output>
  <suite name="Default suite" duration-ms="29152" started-at="2019-12-22T06:25:58Z" finished-at="2019-12-22T06:26:27Z">
    <groups>
    </groups>
    <test name="Default test" duration-ms="29152" started-at="2019-12-22T06:25:58Z" finished-at="2019-12-22T06:26:27Z">
      <class name="com.ProjectOne.ProjectOne.OneTest">
        <test-method status="PASS" signature="TestCase1()[pri:0, instance:com.ProjectOne.ProjectOne.OneTest@58651fd0]" name="TestCase1" duration-ms="29075" started-at="2019-12-22T06:25:58Z" finished-at="2019-12-22T06:26:27Z">
          <reporter-output>
          </reporter-output>
        </test-method> <!-- TestCase1 -->
      </class> <!-- com.ProjectOne.ProjectOne.OneTest -->
    </test> <!-- Default test -->
  </suite> <!-- Default suite -->
</testng-results>
